This is pdfTeX, Version 3.1415926-2.5-1.40.14 (TeX Live 2013/Debian) (format=pdflatex 2016.1.13)  28 JAN 2016 02:57
entering extended mode
 restricted \write18 enabled.
 %&-line parsing enabled.
**expt2.tex
(./expt2.tex
LaTeX2e <2011/06/27>
Babel <3.9h> and hyphenation patterns for 78 languages loaded.
(/usr/share/texlive/texmf-dist/tex/latex/base/article.cls
Document Class: article 2007/10/19 v1.4h Standard LaTeX document class
(/usr/share/texlive/texmf-dist/tex/latex/base/size12.clo
File: size12.clo 2007/10/19 v1.4h Standard LaTeX file (size option)
)
\c@part=\count79
\c@section=\count80
\c@subsection=\count81
\c@subsubsection=\count82
\c@paragraph=\count83
\c@subparagraph=\count84
\c@figure=\count85
\c@table=\count86
\abovecaptionskip=\skip41
\belowcaptionskip=\skip42
\bibindent=\dimen102
) (./scicite.sty
LaTeX Info: Redefining \cite on input line 160.
LaTeX Info: Redefining \nocite on input line 227.
Package: scicite 2003/11/04  v 4.01
)
(/usr/share/texlive/texmf-dist/tex/latex/base/fixltx2e.sty
Package: fixltx2e 2006/09/13 v1.1m fixes to LaTeX
LaTeX Info: Redefining \em on input line 420.
)
(/usr/share/texlive/texmf-dist/tex/latex/mh/mathtools.sty
Package: mathtools 2013/02/12 v1.13 mathematical typesetting tools

(/usr/share/texlive/texmf-dist/tex/latex/graphics/keyval.sty
Package: keyval 1999/03/16 v1.13 key=value parser (DPC)
\KV@toks@=\toks14
)
(/usr/share/texlive/texmf-dist/tex/latex/tools/calc.sty
Package: calc 2007/08/22 v4.3 Infix arithmetic (KKT,FJ)
\calc@Acount=\count87
\calc@Bcount=\count88
\calc@Adimen=\dimen103
\calc@Bdimen=\dimen104
\calc@Askip=\skip43
\calc@Bskip=\skip44
LaTeX Info: Redefining \setlength on input line 76.
LaTeX Info: Redefining \addtolength on input line 77.
\calc@Ccount=\count89
\calc@Cskip=\skip45
)
(/usr/share/texlive/texmf-dist/tex/latex/mh/mhsetup.sty
Package: mhsetup 2010/01/21 v1.2a programming setup (MH)
)
(/usr/share/texlive/texmf-dist/tex/latex/amsmath/amsmath.sty
Package: amsmath 2013/01/14 v2.14 AMS math features
\@mathmargin=\skip46

For additional information on amsmath, use the `?' option.
(/usr/share/texlive/texmf-dist/tex/latex/amsmath/amstext.sty
Package: amstext 2000/06/29 v2.01

(/usr/share/texlive/texmf-dist/tex/latex/amsmath/amsgen.sty
File: amsgen.sty 1999/11/30 v2.0
\@emptytoks=\toks15
\ex@=\dimen105
))
(/usr/share/texlive/texmf-dist/tex/latex/amsmath/amsbsy.sty
Package: amsbsy 1999/11/29 v1.2d
\pmbraise@=\dimen106
)
(/usr/share/texlive/texmf-dist/tex/latex/amsmath/amsopn.sty
Package: amsopn 1999/12/14 v2.01 operator names
)
\inf@bad=\count90
LaTeX Info: Redefining \frac on input line 210.
\uproot@=\count91
\leftroot@=\count92
LaTeX Info: Redefining \overline on input line 306.
\classnum@=\count93
\DOTSCASE@=\count94
LaTeX Info: Redefining \ldots on input line 378.
LaTeX Info: Redefining \dots on input line 381.
LaTeX Info: Redefining \cdots on input line 466.
\Mathstrutbox@=\box26
\strutbox@=\box27
\big@size=\dimen107
LaTeX Font Info:    Redeclaring font encoding OML on input line 566.
LaTeX Font Info:    Redeclaring font encoding OMS on input line 567.
\macc@depth=\count95
\c@MaxMatrixCols=\count96
\dotsspace@=\muskip10
\c@parentequation=\count97
\dspbrk@lvl=\count98
\tag@help=\toks16
\row@=\count99
\column@=\count100
\maxfields@=\count101
\andhelp@=\toks17
\eqnshift@=\dimen108
\alignsep@=\dimen109
\tagshift@=\dimen110
\tagwidth@=\dimen111
\totwidth@=\dimen112
\lineht@=\dimen113
\@envbody=\toks18
\multlinegap=\skip47
\multlinetaggap=\skip48
\mathdisplay@stack=\toks19
LaTeX Info: Redefining \[ on input line 2665.
LaTeX Info: Redefining \] on input line 2666.
)
LaTeX Info: Thecontrolsequence`\('isalreadyrobust on input line 129.
LaTeX Info: Thecontrolsequence`\)'isalreadyrobust on input line 129.
LaTeX Info: Thecontrolsequence`\['isalreadyrobust on input line 129.
LaTeX Info: Thecontrolsequence`\]'isalreadyrobust on input line 129.
\g_MT_multlinerow_int=\count102
\l_MT_multwidth_dim=\dimen114
\origjot=\skip49
\l_MT_shortvdotswithinadjustabove_dim=\dimen115
\l_MT_shortvdotswithinadjustbelow_dim=\dimen116
\l_MT_above_intertext_sep=\dimen117
\l_MT_below_intertext_sep=\dimen118
\l_MT_above_shortintertext_sep=\dimen119
\l_MT_below_shortintertext_sep=\dimen120
)
(/usr/share/texlive/texmf-dist/tex/latex/graphics/graphicx.sty
Package: graphicx 1999/02/16 v1.0f Enhanced LaTeX Graphics (DPC,SPQR)

(/usr/share/texlive/texmf-dist/tex/latex/graphics/graphics.sty
Package: graphics 2009/02/05 v1.0o Standard LaTeX Graphics (DPC,SPQR)

(/usr/share/texlive/texmf-dist/tex/latex/graphics/trig.sty
Package: trig 1999/03/16 v1.09 sin cos tan (DPC)
)
(/usr/share/texlive/texmf-dist/tex/latex/latexconfig/graphics.cfg
File: graphics.cfg 2010/04/23 v1.9 graphics configuration of TeX Live
)
Package graphics Info: Driver file: pdftex.def on input line 91.

(/usr/share/texlive/texmf-dist/tex/latex/pdftex-def/pdftex.def
File: pdftex.def 2011/05/27 v0.06d Graphics/color for pdfTeX

(/usr/share/texlive/texmf-dist/tex/generic/oberdiek/infwarerr.sty
Package: infwarerr 2010/04/08 v1.3 Providing info/warning/error messages (HO)
)
(/usr/share/texlive/texmf-dist/tex/generic/oberdiek/ltxcmds.sty
Package: ltxcmds 2011/11/09 v1.22 LaTeX kernel commands for general use (HO)
)
\Gread@gobject=\count103
))
\Gin@req@height=\dimen121
\Gin@req@width=\dimen122
)
(/usr/share/texlive/texmf-dist/tex/latex/psnfss/times.sty
Package: times 2005/04/12 PSNFSS-v9.2a (SPQR) 
)
\c@lastnote=\count104
 (./expt2.aux)
\openout1 = `expt2.aux'.

LaTeX Font Info:    Checking defaults for OML/cmm/m/it on input line 67.
LaTeX Font Info:    ... okay on input line 67.
LaTeX Font Info:    Checking defaults for T1/cmr/m/n on input line 67.
LaTeX Font Info:    ... okay on input line 67.
LaTeX Font Info:    Checking defaults for OT1/cmr/m/n on input line 67.
LaTeX Font Info:    ... okay on input line 67.
LaTeX Font Info:    Checking defaults for OMS/cmsy/m/n on input line 67.
LaTeX Font Info:    ... okay on input line 67.
LaTeX Font Info:    Checking defaults for OMX/cmex/m/n on input line 67.
LaTeX Font Info:    ... okay on input line 67.
LaTeX Font Info:    Checking defaults for U/cmr/m/n on input line 67.
LaTeX Font Info:    ... okay on input line 67.
LaTeX Font Info:    Try loading font information for OT1+ptm on input line 67.

(/usr/share/texlive/texmf-dist/tex/latex/psnfss/ot1ptm.fd
File: ot1ptm.fd 2001/06/04 font definitions for OT1/ptm.
)
(/usr/share/texlive/texmf-dist/tex/context/base/supp-pdf.mkii
[Loading MPS to PDF converter (version 2006.09.02).]
\scratchcounter=\count105
\scratchdimen=\dimen123
\scratchbox=\box28
\nofMPsegments=\count106
\nofMParguments=\count107
\everyMPshowfont=\toks20
\MPscratchCnt=\count108
\MPscratchDim=\dimen124
\MPnumerator=\count109
\makeMPintoPDFobject=\count110
\everyMPtoPDFconversion=\toks21
) (/usr/share/texlive/texmf-dist/tex/generic/oberdiek/pdftexcmds.sty
Package: pdftexcmds 2011/11/29 v0.20 Utility functions of pdfTeX for LuaTeX (HO
)

(/usr/share/texlive/texmf-dist/tex/generic/oberdiek/ifluatex.sty
Package: ifluatex 2010/03/01 v1.3 Provides the ifluatex switch (HO)
Package ifluatex Info: LuaTeX not detected.
)
(/usr/share/texlive/texmf-dist/tex/generic/oberdiek/ifpdf.sty
Package: ifpdf 2011/01/30 v2.3 Provides the ifpdf switch (HO)
Package ifpdf Info: pdfTeX in PDF mode is detected.
)
Package pdftexcmds Info: LuaTeX not detected.
Package pdftexcmds Info: \pdf@primitive is available.
Package pdftexcmds Info: \pdf@ifprimitive is available.
Package pdftexcmds Info: \pdfdraftmode found.
)
(/usr/share/texlive/texmf-dist/tex/latex/oberdiek/epstopdf-base.sty
Package: epstopdf-base 2010/02/09 v2.5 Base part for package epstopdf

(/usr/share/texlive/texmf-dist/tex/latex/oberdiek/grfext.sty
Package: grfext 2010/08/19 v1.1 Manage graphics extensions (HO)

(/usr/share/texlive/texmf-dist/tex/generic/oberdiek/kvdefinekeys.sty
Package: kvdefinekeys 2011/04/07 v1.3 Define keys (HO)
))
(/usr/share/texlive/texmf-dist/tex/latex/oberdiek/kvoptions.sty
Package: kvoptions 2011/06/30 v3.11 Key value format for package options (HO)

(/usr/share/texlive/texmf-dist/tex/generic/oberdiek/kvsetkeys.sty
Package: kvsetkeys 2012/04/25 v1.16 Key value parser (HO)

(/usr/share/texlive/texmf-dist/tex/generic/oberdiek/etexcmds.sty
Package: etexcmds 2011/02/16 v1.5 Avoid name clashes with e-TeX commands (HO)
Package etexcmds Info: Could not find \expanded.
(etexcmds)             That can mean that you are not using pdfTeX 1.50 or
(etexcmds)             that some package has redefined \expanded.
(etexcmds)             In the latter case, load this package earlier.
)))
Package grfext Info: Graphics extension search list:
(grfext)             [.png,.pdf,.jpg,.mps,.jpeg,.jbig2,.jb2,.PNG,.PDF,.JPG,.JPE
G,.JBIG2,.JB2,.eps]
(grfext)             \AppendGraphicsExtensions on input line 452.

(/usr/share/texlive/texmf-dist/tex/latex/latexconfig/epstopdf-sys.cfg
File: epstopdf-sys.cfg 2010/07/13 v1.3 Configuration of (r)epstopdf for TeX Liv
e
))
LaTeX Font Info:    Font shape `OT1/ptm/bx/it' in size <20.74> not available
(Font)              Font shape `OT1/ptm/b/it' tried instead on input line 81.


LaTeX Warning: No \author given.

LaTeX Font Info:    Font shape `OT1/ptm/bx/n' in size <17.28> not available
(Font)              Font shape `OT1/ptm/b/n' tried instead on input line 92.
LaTeX Font Info:    Try loading font information for OMS+ptm on input line 95.
(/usr/share/texlive/texmf-dist/tex/latex/psnfss/omsptm.fd
File: omsptm.fd 
)
LaTeX Font Info:    Font shape `OMS/ptm/m/n' in size <12> not available
(Font)              Font shape `OMS/cmsy/m/n' tried instead on input line 95.


LaTeX Warning: File `ckt.jpg' not found on input line 114.


! Package pdftex.def Error: File `ckt.jpg' not found.

See the pdftex.def package documentation for explanation.
Type  H <return>  for immediate help.
 ...                                              
                                                  
l.114 \includegraphics{ckt.jpg}
                               
? R
OK, entering \nonstopmode...
LaTeX Font Info:    Try loading font information for OT1+pcr on input line 114.

(/usr/share/texlive/texmf-dist/tex/latex/psnfss/ot1pcr.fd
File: ot1pcr.fd 2001/06/04 font definitions for OT1/pcr.
)

! LaTeX Error: \caption outside float.

See the LaTeX manual or LaTeX Companion for explanation.
Type  H <return>  for immediate help.
 ...                                              
                                                  
l.115   \caption
                {Circuit diagram}
You're in trouble here.  Try typing  <return>  to proceed.
If that doesn't work, type  X <return>  to quit.

[1

{/var/lib/texmf/fonts/map/pdftex/updmap/pdftex.map}]
LaTeX Font Info:    Font shape `OT1/ptm/bx/n' in size <14.4> not available
(Font)              Font shape `OT1/ptm/b/n' tried instead on input line 121.

! Double subscript.
<argument>  V$_o_
                 u_t$ vs V$_i_n$ for R$_D$=
l.121 ...section{ V$_o_u_t$ vs V$_i_n$ for R$_D$=}
                                                  
I treat `x_1_2' essentially like `x_1{}_2'.

! Double subscript.
<argument>  V$_o_u_
                   t$ vs V$_i_n$ for R$_D$=
l.121 ...section{ V$_o_u_t$ vs V$_i_n$ for R$_D$=}
                                                  
I treat `x_1_2' essentially like `x_1{}_2'.

! Double subscript.
<argument>  V$_o_u_t$ vs V$_i_
                              n$ for R$_D$=
l.121 ...section{ V$_o_u_t$ vs V$_i_n$ for R$_D$=}
                                                  
I treat `x_1_2' essentially like `x_1{}_2'.

! Double subscript.
l.125  V$_o_
            u_t$(V) &  V$_i_n$(V)\\ [0.5ex]
I treat `x_1_2' essentially like `x_1{}_2'.

! Double subscript.
l.125  V$_o_u_
              t$(V) &  V$_i_n$(V)\\ [0.5ex]
I treat `x_1_2' essentially like `x_1{}_2'.

! Double subscript.
l.125  V$_o_u_t$(V) &  V$_i_
                            n$(V)\\ [0.5ex]
I treat `x_1_2' essentially like `x_1{}_2'.

! Double subscript.
<argument> V$_o_
                u_t$ vs V$_i_n$ for R$_D$=
l.206 \subsection{V$_o_u_t$ vs V$_i_n$ for R$_D$=}
                                                  
I treat `x_1_2' essentially like `x_1{}_2'.

! Double subscript.
<argument> V$_o_u_
                  t$ vs V$_i_n$ for R$_D$=
l.206 \subsection{V$_o_u_t$ vs V$_i_n$ for R$_D$=}
                                                  
I treat `x_1_2' essentially like `x_1{}_2'.

! Double subscript.
<argument> V$_o_u_t$ vs V$_i_
                             n$ for R$_D$=
l.206 \subsection{V$_o_u_t$ vs V$_i_n$ for R$_D$=}
                                                  
I treat `x_1_2' essentially like `x_1{}_2'.

! Double subscript.
l.210  V$_o_
            u_t$(V) &  V$_i_n$(V)\\ [0.5ex]
I treat `x_1_2' essentially like `x_1{}_2'.

! Double subscript.
l.210  V$_o_u_
              t$(V) &  V$_i_n$(V)\\ [0.5ex]
I treat `x_1_2' essentially like `x_1{}_2'.

! Double subscript.
l.210  V$_o_u_t$(V) &  V$_i_
                            n$(V)\\ [0.5ex]
I treat `x_1_2' essentially like `x_1{}_2'.

[2]
! Double subscript.
<argument> V$_o_
                u_t$ vs V$_i_n$ for coupled FETs
l.282 ...on{V$_o_u_t$ vs V$_i_n$ for coupled FETs}
                                                  
I treat `x_1_2' essentially like `x_1{}_2'.

! Double subscript.
<argument> V$_o_u_
                  t$ vs V$_i_n$ for coupled FETs
l.282 ...on{V$_o_u_t$ vs V$_i_n$ for coupled FETs}
                                                  
I treat `x_1_2' essentially like `x_1{}_2'.

! Double subscript.
<argument> V$_o_u_t$ vs V$_i_
                             n$ for coupled FETs
l.282 ...on{V$_o_u_t$ vs V$_i_n$ for coupled FETs}
                                                  
I treat `x_1_2' essentially like `x_1{}_2'.

! Double subscript.
l.286  V$_o_
            u_t$(V) &  V$_i_n$(V)\\ [0.5ex]
I treat `x_1_2' essentially like `x_1{}_2'.

! Double subscript.
l.286  V$_o_u_
              t$(V) &  V$_i_n$(V)\\ [0.5ex]
I treat `x_1_2' essentially like `x_1{}_2'.

! Double subscript.
l.286  V$_o_u_t$(V) &  V$_i_
                            n$(V)\\ [0.5ex]
I treat `x_1_2' essentially like `x_1{}_2'.

[3]
! Missing $ inserted.
<inserted text> 
                $
l.358 \subsection*{Plot of V_o_u_t vs V_i_n}
                                            
I've inserted a begin-math/end-math symbol since I think
you left one out. Proceed, with fingers crossed.

! Double subscript.
<argument> Plot of V_o_
                       u_t vs V_i_n
l.358 \subsection*{Plot of V_o_u_t vs V_i_n}
                                            
I treat `x_1_2' essentially like `x_1{}_2'.

! Double subscript.
<argument> Plot of V_o_u_
                         t vs V_i_n
l.358 \subsection*{Plot of V_o_u_t vs V_i_n}
                                            
I treat `x_1_2' essentially like `x_1{}_2'.

! Double subscript.
<argument> Plot of V_o_u_t vs V_i_
                                  n
l.358 \subsection*{Plot of V_o_u_t vs V_i_n}
                                            
I treat `x_1_2' essentially like `x_1{}_2'.

! Missing $ inserted.
<inserted text> 
                $
l.358 \subsection*{Plot of V_o_u_t vs V_i_n}
                                            
I've inserted a begin-math/end-math symbol since I think
you left one out. Proceed, with fingers crossed.

<data.png, id=20, 526.96875pt x 266.49562pt>
File: data.png Graphic file (type png)
 <use data.png>
Package pdftex.def Info: data.png used on input line 360.
(pdftex.def)             Requested size: 526.96745pt x 266.49496pt.

Overfull \hbox (71.72337pt too wide) in paragraph at lines 360--361
 [] 
 []

[4]
! Missing $ inserted.
<inserted text> 
                $
l.363 \subsection*{Gain versus V_i_n }
                                      
I've inserted a begin-math/end-math symbol since I think
you left one out. Proceed, with fingers crossed.

! Double subscript.
<argument> Gain versus V_i_
                           n 
l.363 \subsection*{Gain versus V_i_n }
                                      
I treat `x_1_2' essentially like `x_1{}_2'.

! Missing $ inserted.
<inserted text> 
                $
l.363 \subsection*{Gain versus V_i_n }
                                      
I've inserted a begin-math/end-math symbol since I think
you left one out. Proceed, with fingers crossed.

<gain_correct.png, id=25, 526.96875pt x 255.20343pt>
File: gain_correct.png Graphic file (type png)
 <use gain_correct.png>
Package pdftex.def Info: gain_correct.png used on input line 365.
(pdftex.def)             Requested size: 526.96745pt x 255.2028pt.

Overfull \hbox (71.72337pt too wide) in paragraph at lines 365--366
 [] 
 []

! Double subscript.
<argument> Gain versus V$_i_
                            n$ with moving average 
l.368 ...Gain versus V$_i_n$ with moving average }
                                                  
I treat `x_1_2' essentially like `x_1{}_2'.

[5 <./data.png (PNG copy)> <./gain_correct.png (PNG copy)>]
<gain_moving_avg.png, id=29, 526.96875pt x 255.20343pt>
File: gain_moving_avg.png Graphic file (type png)

<use gain_moving_avg.png>
Package pdftex.def Info: gain_moving_avg.png used on input line 371.
(pdftex.def)             Requested size: 526.96745pt x 255.2028pt.

Overfull \hbox (71.72337pt too wide) in paragraph at lines 371--372
 [] 
 []

<stem1.png, id=30, 526.96875pt x 266.49562pt>
File: stem1.png Graphic file (type png)
 <use stem1.png>
Package pdftex.def Info: stem1.png used on input line 376.
(pdftex.def)             Requested size: 526.96745pt x 266.49496pt.

Overfull \hbox (71.72337pt too wide) in paragraph at lines 376--377
 [] 
 []

[6 <./gain_moving_avg.png (PNG copy)>]
<stem2.png, id=34, 526.96875pt x 266.49562pt>
File: stem2.png Graphic file (type png)
 <use stem2.png>
Package pdftex.def Info: stem2.png used on input line 381.
(pdftex.def)             Requested size: 526.96745pt x 266.49496pt.

Overfull \hbox (71.72337pt too wide) in paragraph at lines 381--382
 [] 
 []

[7 <./stem1.png (PNG copy)>] <stem3.png, id=39, 526.96875pt x 266.49562pt>
File: stem3.png Graphic file (type png)

<use stem3.png>
Package pdftex.def Info: stem3.png used on input line 386.
(pdftex.def)             Requested size: 526.96745pt x 266.49496pt.

Overfull \hbox (71.72337pt too wide) in paragraph at lines 386--387
 [] 
 []

[8 <./stem2.png (PNG copy)>]
Missing character: There is no â in font ptmr7t!
Missing character: There is no € in font ptmr7t!
Missing character: There is no “ in font ptmr7t!
Missing character: There is no Ï in font ptmr7t!
Missing character: There is no Ž in font ptmr7t!
 [9 <./stem3.png (PNG copy)>]
! Double subscript.
l.439 THD$_1_
             -_>_2$(low->high gain) = 23.27\%
I treat `x_1_2' essentially like `x_1{}_2'.

! Double subscript.
l.439 THD$_1_-_
               >_2$(low->high gain) = 23.27\%
I treat `x_1_2' essentially like `x_1{}_2'.

! Double subscript.
l.439 THD$_1_-_>_
                 2$(low->high gain) = 23.27\%
I treat `x_1_2' essentially like `x_1{}_2'.

! Double subscript.
l.440 THD$_2_
             -_>_1$(high->low gain) = 7.87\%
I treat `x_1_2' essentially like `x_1{}_2'.

! Double subscript.
l.440 THD$_2_-_
               >_1$(high->low gain) = 7.87\%
I treat `x_1_2' essentially like `x_1{}_2'.

! Double subscript.
l.440 THD$_2_-_>_
                 1$(high->low gain) = 7.87\%
I treat `x_1_2' essentially like `x_1{}_2'.

Missing character: There is no â in font ptmr7t!
Missing character: There is no € in font ptmr7t!
Missing character: There is no ™ in font ptmr7t!
[10]
Missing character: There is no â in font ptmr7t!
Missing character: There is no € in font ptmr7t!
Missing character: There is no ™ in font ptmr7t!


! LaTeX Error: \begin{itemize} on input line 455 ended by \end{document}.

See the LaTeX manual or LaTeX Companion for explanation.
Type  H <return>  for immediate help.
 ...                                              
                                                  
l.471 \end{document}
                    
Your command was ignored.
Type  I <command> <return>  to replace it with another command,
or  <return>  to continue without it.

[11] (./expt2.aux) )
(\end occurred inside a group at level 1)

### semi simple group (level 1) entered at line 455 (\begingroup)
### bottom level 
Here is how much of TeX's memory you used:
 2866 strings out of 493304
 40523 string characters out of 6139871
 116835 words of memory out of 5000000
 6272 multiletter control sequences out of 15000+600000
 18542 words of font info for 46 fonts, out of 8000000 for 9000
 957 hyphenation exceptions out of 8191
 37i,7n,23p,564b,197s stack positions out of 5000i,500n,10000p,200000b,80000s
{/usr/share/texlive/texmf-dist/fonts/enc/dvips/base/8r.enc}</us
r/share/texlive/texmf-dist/fonts/type1/public/amsfonts/cm/cmmi10.pfb></usr/shar
e/texlive/texmf-dist/fonts/type1/public/amsfonts/cm/cmmi12.pfb></usr/share/texl
ive/texmf-dist/fonts/type1/public/amsfonts/cm/cmmi8.pfb></usr/share/texlive/tex
mf-dist/fonts/type1/public/amsfonts/cm/cmr12.pfb></usr/share/texlive/texmf-dist
/fonts/type1/public/amsfonts/cm/cmr8.pfb></usr/share/texlive/texmf-dist/fonts/t
ype1/public/amsfonts/cm/cmsy10.pfb></usr/share/texlive/texmf-dist/fonts/type1/p
ublic/amsfonts/cm/cmsy8.pfb></usr/share/texlive/texmf-dist/fonts/type1/urw/cour
ier/ucrr8a.pfb></usr/share/texlive/texmf-dist/fonts/type1/urw/times/utmb8a.pfb>
</usr/share/texlive/texmf-dist/fonts/type1/urw/times/utmbi8a.pfb></usr/share/te
xlive/texmf-dist/fonts/type1/urw/times/utmr8a.pfb>
Output written on expt2.pdf (11 pages, 190288 bytes).
PDF statistics:
 91 PDF objects out of 1000 (max. 8388607)
 60 compressed objects within 1 object stream
 0 named destinations out of 1000 (max. 500000)
 31 words of extra memory for PDF output out of 10000 (max. 10000000)

